  openGL.cpp
c:\users\administrator\source\repos\opengl\opengl\opengl.cpp(20): warning C4305: '+=': 'double'에서 'float'(으)로 잘립니다.
c:\users\administrator\source\repos\opengl\opengl\opengl.cpp(22): warning C4244: '=': 'double'에서 'float'(으)로 변환하면서 데이터가 손실될 수 있습니다.
c:\users\administrator\source\repos\opengl\opengl\opengl.cpp(23): warning C4244: '=': 'double'에서 'float'(으)로 변환하면서 데이터가 손실될 수 있습니다.
c:\users\administrator\source\repos\opengl\opengl\opengl.cpp(40): warning C4305: '+=': 'double'에서 'float'(으)로 잘립니다.
c:\users\administrator\source\repos\opengl\opengl\opengl.cpp(42): warning C4244: '=': 'double'에서 'float'(으)로 변환하면서 데이터가 손실될 수 있습니다.
c:\users\administrator\source\repos\opengl\opengl\opengl.cpp(43): warning C4244: '=': 'double'에서 'float'(으)로 변환하면서 데이터가 손실될 수 있습니다.
c:\users\administrator\source\repos\opengl\opengl\opengl.cpp(50): warning C4305: '-=': 'double'에서 'GLfloat'(으)로 잘립니다.
c:\users\administrator\source\repos\opengl\opengl\opengl.cpp(51): warning C4305: '-=': 'double'에서 'GLfloat'(으)로 잘립니다.
c:\users\administrator\source\repos\opengl\opengl\opengl.cpp(64): warning C4305: '-=': 'double'에서 'GLfloat'(으)로 잘립니다.
c:\users\administrator\source\repos\opengl\opengl\opengl.cpp(65): warning C4305: '-=': 'double'에서 'GLfloat'(으)로 잘립니다.
c:\users\administrator\source\repos\opengl\opengl\opengl.cpp(85): warning C4305: '인수': 'double'에서 'float'(으)로 잘립니다.
c:\users\administrator\source\repos\opengl\opengl\opengl.cpp(86): warning C4305: '인수': 'double'에서 'float'(으)로 잘립니다.
c:\users\administrator\source\repos\opengl\opengl\opengl.cpp(94): warning C4305: '인수': 'double'에서 'float'(으)로 잘립니다.
c:\users\administrator\source\repos\opengl\opengl\opengl.cpp(95): warning C4305: '인수': 'double'에서 'float'(으)로 잘립니다.
c:\users\administrator\source\repos\opengl\opengl\opengl.cpp(101): warning C4244: '=': 'double'에서 'GLfloat'(으)로 변환하면서 데이터가 손실될 수 있습니다.
c:\users\administrator\source\repos\opengl\opengl\opengl.cpp(102): warning C4244: '=': 'double'에서 'GLfloat'(으)로 변환하면서 데이터가 손실될 수 있습니다.
c:\users\administrator\source\repos\opengl\opengl\opengl.cpp(121): warning C4305: '=': 'double'에서 'GLfloat'(으)로 잘립니다.
c:\users\administrator\source\repos\opengl\opengl\opengl.cpp(122): warning C4305: '=': 'double'에서 'GLfloat'(으)로 잘립니다.
c:\users\administrator\source\repos\opengl\opengl\opengl.cpp(133): warning C4305: '=': 'double'에서 'GLfloat'(으)로 잘립니다.
c:\users\administrator\source\repos\opengl\opengl\opengl.cpp(134): warning C4305: '=': 'double'에서 'GLfloat'(으)로 잘립니다.
c:\users\administrator\source\repos\opengl\opengl\opengl.cpp(141): warning C4305: '인수': 'double'에서 'GLclampf'(으)로 잘립니다.
openGL.obj : error LNK2019: __imp_glutInitWindowPosition 외부 기호(참조 위치: main 함수)에서 확인하지 못했습니다.
openGL.obj : error LNK2019: __imp_glutInitWindowSize 외부 기호(참조 위치: main 함수)에서 확인하지 못했습니다.
openGL.obj : error LNK2019: __imp_glutInitDisplayMode 외부 기호(참조 위치: main 함수)에서 확인하지 못했습니다.
openGL.obj : error LNK2019: __imp_glutMainLoop 외부 기호(참조 위치: main 함수)에서 확인하지 못했습니다.
openGL.obj : error LNK2019: __imp_glutPostRedisplay 외부 기호(참조 위치: "void __cdecl MyTimer(int)" (?MyTimer@@YAXH@Z) 함수)에서 확인하지 못했습니다.
openGL.obj : error LNK2019: __imp_glutSwapBuffers 외부 기호(참조 위치: "void __cdecl MyDisplay(void)" (?MyDisplay@@YAXXZ) 함수)에서 확인하지 못했습니다.
openGL.obj : error LNK2019: __imp_glutTimerFunc 외부 기호(참조 위치: "void __cdecl MyTimer(int)" (?MyTimer@@YAXH@Z) 함수)에서 확인하지 못했습니다.
openGL.obj : error LNK2019: __imp_glutDisplayFunc 외부 기호(참조 위치: main 함수)에서 확인하지 못했습니다.
openGL.obj : error LNK2019: __imp___glutInitWithExit 외부 기호(참조 위치: glutInit_ATEXIT_HACK 함수)에서 확인하지 못했습니다.
openGL.obj : error LNK2019: __imp___glutCreateWindowWithExit 외부 기호(참조 위치: glutCreateWindow_ATEXIT_HACK 함수)에서 확인하지 못했습니다.
C:\Users\Administrator\source\repos\openGL\openGL\lib\freeglut.lib : warning LNK4272: 'x86' 라이브러리 컴퓨터 종류가 'x64' 대상 컴퓨터 종류와 충돌합니다.
C:\Users\Administrator\source\repos\openGL\x64\Debug\openGL.exe : fatal error LNK1120: 10개의 확인할 수 없는 외부 참조입니다.
