  openGL.cpp
c:\users\administrator\source\repos\opengl\opengl\opengl.cpp(17): warning C4305: '초기화 중': 'double'에서 'float'(으)로 잘립니다.
c:\users\administrator\source\repos\opengl\opengl\opengl.cpp(31): warning C4996: 'fopen': This function or variable may be unsafe. Consider using fopen_s instead. To disable deprecation, use _CRT_SECURE_NO_WARNINGS. See online help for details.
  c:\program files (x86)\windows kits\10\include\10.0.17763.0\ucrt\stdio.h(208): note: 'fopen' 선언을 참조하십시오.
c:\users\administrator\source\repos\opengl\opengl\opengl.cpp(126): warning C4305: '+=': 'double'에서 'float'(으)로 잘립니다.
c:\users\administrator\source\repos\opengl\opengl\opengl.cpp(128): warning C4244: '=': 'double'에서 'float'(으)로 변환하면서 데이터가 손실될 수 있습니다.
c:\users\administrator\source\repos\opengl\opengl\opengl.cpp(129): warning C4244: '=': 'double'에서 'float'(으)로 변환하면서 데이터가 손실될 수 있습니다.
c:\users\administrator\source\repos\opengl\opengl\opengl.cpp(140): warning C4305: '초기화 중': 'double'에서 'GLfloat'(으)로 잘립니다.
c:\users\administrator\source\repos\opengl\opengl\opengl.cpp(143): warning C4305: '초기화 중': 'double'에서 'GLfloat'(으)로 잘립니다.
c:\users\administrator\source\repos\opengl\opengl\opengl.cpp(144): warning C4305: '초기화 중': 'double'에서 'GLfloat'(으)로 잘립니다.
c:\users\administrator\source\repos\opengl\opengl\opengl.cpp(284): warning C4305: '+=': 'double'에서 'float'(으)로 잘립니다.
c:\users\administrator\source\repos\opengl\opengl\opengl.cpp(285): warning C4244: '=': 'double'에서 'float'(으)로 변환하면서 데이터가 손실될 수 있습니다.
c:\users\administrator\source\repos\opengl\opengl\opengl.cpp(286): warning C4244: '=': 'double'에서 'float'(으)로 변환하면서 데이터가 손실될 수 있습니다.
c:\users\administrator\source\repos\opengl\opengl\opengl.cpp(291): warning C4305: '-=': 'double'에서 'float'(으)로 잘립니다.
c:\users\administrator\source\repos\opengl\opengl\opengl.cpp(292): warning C4244: '=': 'double'에서 'float'(으)로 변환하면서 데이터가 손실될 수 있습니다.
c:\users\administrator\source\repos\opengl\opengl\opengl.cpp(293): warning C4244: '=': 'double'에서 'float'(으)로 변환하면서 데이터가 손실될 수 있습니다.
c:\users\administrator\source\repos\opengl\opengl\opengl.cpp(298): warning C4305: '+=': 'double'에서 'float'(으)로 잘립니다.
c:\users\administrator\source\repos\opengl\opengl\opengl.cpp(299): warning C4244: '=': 'double'에서 'float'(으)로 변환하면서 데이터가 손실될 수 있습니다.
c:\users\administrator\source\repos\opengl\opengl\opengl.cpp(300): warning C4244: '=': 'double'에서 'float'(으)로 변환하면서 데이터가 손실될 수 있습니다.
c:\users\administrator\source\repos\opengl\opengl\opengl.cpp(305): warning C4305: '-=': 'double'에서 'float'(으)로 잘립니다.
c:\users\administrator\source\repos\opengl\opengl\opengl.cpp(306): warning C4244: '=': 'double'에서 'float'(으)로 변환하면서 데이터가 손실될 수 있습니다.
c:\users\administrator\source\repos\opengl\opengl\opengl.cpp(307): warning C4244: '=': 'double'에서 'float'(으)로 변환하면서 데이터가 손실될 수 있습니다.
  openGL.vcxproj -> C:\Users\Administrator\source\repos\openGL\Debug\openGL.exe
